<?xml version="1.0" encoding="UTF-8"?>
<testsuite xmlns:xsi="http://www.w3.org/2001/XMLSchema-instance" xsi:noNamespaceSchemaLocation="https://maven.apache.org/surefire/maven-surefire-plugin/xsd/surefire-test-report-3.0.xsd" version="3.0" name="org.example.resources.MinCoinCalculatorTest" time="0.563" tests="7" errors="0" skipped="0" failures="0">
  <properties>
[...]
</properties>
  <testcase name="testEmptyTargetAmount" classname="org.example.resources.MinCoinCalculatorTest" time="0.132">
    <system-out><![CDATA[19:11:13.561 [main] DEBUG org.jboss.logging -- Logging Provider: org.jboss.logging.Slf4jLoggerProvider
19:11:13.562 [main] INFO org.hibernate.validator.internal.util.Version -- HV000001: Hibernate Validator 7.0.5.Final
19:11:13.567 [main] DEBUG org.hibernate.validator.internal.engine.AbstractConfigurationImpl -- Adding value extractor io.dropwizard.validation.valuehandling.GuavaOptionalValueExtractor@2ea6e30c
19:11:13.567 [main] DEBUG org.hibernate.validator.internal.engine.AbstractConfigurationImpl -- Setting custom ConstraintValidatorFactory of type io.dropwizard.jersey.validation.MutableValidatorFactory
19:11:13.568 [main] DEBUG org.hibernate.validator.internal.engine.AbstractConfigurationImpl -- Setting custom ParameterNameProvider of type io.dropwizard.jersey.validation.JerseyParameterNameProvider
19:11:13.569 [main] DEBUG org.hibernate.validator.internal.engine.AbstractConfigurationImpl -- Adding value extractor io.dropwizard.jersey.validation.NonEmptyStringParamValueExtractor@79517588
19:11:13.570 [main] DEBUG org.hibernate.validator.internal.engine.AbstractConfigurationImpl -- Adding value extractor io.dropwizard.jersey.validation.ParamValueExtractor@3da30852
19:11:13.570 [main] DEBUG org.hibernate.validator.internal.xml.config.ValidationXmlParser -- Trying to load META-INF/validation.xml for XML based Validator configuration.
19:11:13.571 [main] DEBUG org.hibernate.validator.internal.xml.config.ResourceLoaderHelper -- Trying to load META-INF/validation.xml via TCCL
19:11:13.571 [main] DEBUG org.hibernate.validator.internal.xml.config.ResourceLoaderHelper -- Trying to load META-INF/validation.xml via Hibernate Validator's class loader
19:11:13.571 [main] DEBUG org.hibernate.validator.internal.xml.config.ValidationXmlParser -- No META-INF/validation.xml found. Using annotation based configuration only.
19:11:13.572 [main] DEBUG org.hibernate.validator.internal.engine.resolver.TraversableResolvers -- Cannot find jakarta.persistence.Persistence on classpath. Assuming non JPA 2 environment. All properties will per default be traversable.
19:11:13.579 [main] DEBUG org.hibernate.validator.messageinterpolation.ResourceBundleMessageInterpolator -- Loaded expression factory via original TCCL
19:11:13.605 [main] DEBUG org.hibernate.validator.internal.engine.ValidatorFactoryConfigurationHelper -- HV000252: Using org.hibernate.validator.internal.engine.DefaultPropertyNodeNameProvider as property node name provider.
19:11:13.606 [main] DEBUG org.hibernate.validator.internal.engine.ValidatorFactoryConfigurationHelper -- HV000234: Using org.hibernate.validator.messageinterpolation.ResourceBundleMessageInterpolator as ValidatorFactory-scoped message interpolator.
19:11:13.606 [main] DEBUG org.hibernate.validator.internal.engine.ValidatorFactoryConfigurationHelper -- HV000234: Using org.hibernate.validator.internal.engine.resolver.TraverseAllTraversableResolver as ValidatorFactory-scoped traversable resolver.
19:11:13.606 [main] DEBUG org.hibernate.validator.internal.engine.ValidatorFactoryConfigurationHelper -- HV000234: Using org.hibernate.validator.internal.util.ExecutableParameterNameProvider as ValidatorFactory-scoped parameter name provider.
19:11:13.606 [main] DEBUG org.hibernate.validator.internal.engine.ValidatorFactoryConfigurationHelper -- HV000234: Using org.hibernate.validator.internal.engine.DefaultClockProvider as ValidatorFactory-scoped clock provider.
19:11:13.606 [main] DEBUG org.hibernate.validator.internal.engine.ValidatorFactoryConfigurationHelper -- HV000234: Using org.hibernate.validator.internal.engine.scripting.DefaultScriptEvaluatorFactory as ValidatorFactory-scoped script evaluator factory.
]]></system-out>
  </testcase>
  <testcase name="testInvalidRangeTargetAmount" classname="org.example.resources.MinCoinCalculatorTest" time="0.002"/>
  <testcase name="testInvalidDPTargetAmount" classname="org.example.resources.MinCoinCalculatorTest" time="0.002"/>
  <testcase name="testInvalidCoinDenominations" classname="org.example.resources.MinCoinCalculatorTest" time="0.002"/>
  <testcase name="testAmountNotDivisible" classname="org.example.resources.MinCoinCalculatorTest" time="0.001"/>
  <testcase name="testEmptyCoinDenominations" classname="org.example.resources.MinCoinCalculatorTest" time="0.002"/>
  <testcase name="testValidRequest" classname="org.example.resources.MinCoinCalculatorTest" time="0.006">
    <system-out><![CDATA[100.5
1
0
0
0
1
0
0
0
]]></system-out>
  </testcase>
</testsuite>